TN:
SF:src/cart.ts
FN:8,(anonymous_0)
FN:11,(anonymous_1)
FN:20,(anonymous_2)
FN:25,(anonymous_3)
FN:32,(anonymous_4)
FN:40,(anonymous_5)
FN:48,(anonymous_6)
FN:52,(anonymous_7)
FN:56,(anonymous_8)
FNF:9
FNH:9
FNDA:20,(anonymous_0)
FNDA:20,(anonymous_1)
FNDA:2,(anonymous_2)
FNDA:4,(anonymous_3)
FNDA:4,(anonymous_4)
FNDA:2,(anonymous_5)
FNDA:1,(anonymous_6)
FNDA:4,(anonymous_7)
FNDA:9,(anonymous_8)
DA:8,1
DA:9,20
DA:12,20
DA:13,20
DA:14,1
DA:16,19
DA:21,2
DA:22,1
DA:26,4
DA:27,2
DA:28,2
DA:29,1
DA:33,4
DA:34,4
DA:35,5
DA:37,4
DA:41,2
DA:42,2
DA:43,2
DA:45,2
DA:49,1
DA:53,4
DA:57,9
LF:23
LH:23
BRDA:11,0,0,10
BRDA:13,1,0,1
BRDA:13,1,1,19
BRDA:21,2,0,1
BRDA:26,3,0,2
BRDA:28,4,0,1
BRF:6
BRH:6
end_of_record
TN:
SF:src/math.ts
FN:1,add
FN:5,subtract
FN:9,multiply
FN:13,divide
FN:18,clamp
FN:23,average
FN:25,(anonymous_6)
FNF:7
FNH:7
FNDA:2,add
FNDA:2,subtract
FNDA:4,multiply
FNDA:4,divide
FNDA:6,clamp
FNDA:5,average
FNDA:11,(anonymous_6)
DA:1,1
DA:2,2
DA:5,1
DA:6,2
DA:9,1
DA:10,4
DA:13,1
DA:14,4
DA:15,3
DA:18,1
DA:19,6
DA:20,5
DA:23,1
DA:24,5
DA:25,11
LF:15
LH:15
BRDA:14,0,0,1
BRDA:19,1,0,1
BRDA:24,2,0,1
BRF:3
BRH:3
end_of_record
TN:
SF:src/strings.ts
FN:1,capitalize
FN:6,truncate
FN:11,slugify
FN:20,countWords
FN:25,isPalindrome
FNF:5
FNH:5
FNDA:6,capitalize
FNDA:8,truncate
FNDA:8,slugify
FNDA:9,countWords
FNDA:13,isPalindrome
DA:1,1
DA:2,6
DA:3,5
DA:6,1
DA:7,8
DA:8,5
DA:11,1
DA:12,8
DA:20,1
DA:21,9
DA:22,6
DA:25,1
DA:26,13
DA:27,13
LF:14
LH:14
BRDA:2,0,0,1
BRDA:6,1,0,5
BRDA:7,2,0,3
BRDA:21,3,0,3
BRF:4
BRH:4
end_of_record
